<?xml version="1.0" encoding="UTF-8"?>
<!-- Generated by org.testng.reporters.JUnitReportReporter -->
<testsuite skipped="0" hostname="LAPTOP-7SDCLMOJ" name="com.infy.sample.SeleniumDemo" tests="1" failures="0" timestamp="09 Apr 2020 15:16:48 GMT" time="23.007" errors="0">
  <testcase name="sampleTest" time="23.007" classname="com.infy.sample.SeleniumDemo"/>
</testsuite> <!-- com.infy.sample.SeleniumDemo -->
