<?xml version="1.0" encoding="UTF-8"?>
<!-- Generated by org.testng.reporters.JUnitReportReporter -->
<testsuite skipped="0" hostname="LAPTOP-7SDCLMOJ" name="com.infy.sample.SampleTest" tests="1" failures="0" timestamp="15 Nov 2019 01:33:43 GMT" time="0.020" errors="0">
  <testcase name="test" time="0.020" classname="com.infy.sample.SampleTest"/>
</testsuite> <!-- com.infy.sample.SampleTest -->
